<?xml version="1.0" encoding="UTF-8"?>
<!-- Generated by org.testng.reporters.JUnitReportReporter -->
<testsuite hostname="DESKTOP-JQIFB51" name="com.project.testcases.CalorieCalculatorPageTestCaseDDTExcelReader" tests="2" failures="0" timestamp="13 Nov 2020 12:09:22 GMT" time="13.900" errors="0">
  <testcase name="EnterCalorieDetails" time="6.853" classname="com.project.testcases.CalorieCalculatorPageTestCaseDDTExcelReader"/>
  <testcase name="EnterCalorieDetails" time="7.047" classname="com.project.testcases.CalorieCalculatorPageTestCaseDDTExcelReader"/>
</testsuite> <!-- com.project.testcases.CalorieCalculatorPageTestCaseDDTExcelReader -->
