<?xml version="1.0" encoding="UTF-8"?>
<!-- Generated by org.testng.reporters.JUnitReportReporter -->
<testsuite hostname="DESKTOP-JQIFB51" name="testngPack.Bookticket" tests="1" failures="0" timestamp="17 Nov 2020 15:37:34 GMT" time="29.175" errors="0">
  <testcase name="ticket" time="29.175" classname="testngPack.Bookticket"/>
</testsuite> <!-- testngPack.Bookticket -->
