<?xml version="1.0" encoding="UTF-8"?>
<!-- Generated by org.testng.reporters.JUnitReportReporter -->
<testsuite hostname="DESKTOP-JQIFB51" name="testngPack.HandlingFrames" tests="1" failures="0" timestamp="11 Nov 2020 10:34:06 GMT" time="20.352" errors="0">
  <testcase name="frameHandling" time="20.352" classname="testngPack.HandlingFrames"/>
</testsuite> <!-- testngPack.HandlingFrames -->
