<?xml version="1.0" encoding="UTF-8"?>
<!-- Generated by org.testng.reporters.JUnitReportReporter -->
<testsuite hostname="DESKTOP-JQIFB51" name="com.project.testcases.CalorieCalculatorPageTestCase" tests="1" failures="0" timestamp="17 Nov 2020 07:36:09 GMT" time="17.109" errors="0">
  <testcase name="EnterCalorieDetails" time="17.109" classname="com.project.testcases.CalorieCalculatorPageTestCase"/>
</testsuite> <!-- com.project.testcases.CalorieCalculatorPageTestCase -->
