<?xml version="1.0" encoding="UTF-8"?>
<!-- Generated by org.testng.reporters.JUnitReportReporter -->
<testsuite hostname="DESKTOP-JQIFB51" name="testngPack.CalorieCalculatorTestCase" tests="2" failures="0" timestamp="12 Nov 2020 11:13:35 GMT" time="9.124" errors="0">
  <testcase name="WebTable" time="8.366" classname="testngPack.CalorieCalculatorTestCase"/>
  <testcase name="EnterCalorieDetails" time="0.758" classname="testngPack.CalorieCalculatorTestCase"/>
</testsuite> <!-- testngPack.CalorieCalculatorTestCase -->
