<?xml version="1.0" encoding="UTF-8"?>
<!-- Generated by org.testng.reporters.JUnitReportReporter -->
<testsuite hostname="DESKTOP-JQIFB51" name="testngPack.HandlingMouseOps" tests="1" failures="0" timestamp="11 Nov 2020 10:34:05 GMT" time="21.360" errors="0">
  <testcase name="mouseHandling" time="21.360" classname="testngPack.HandlingMouseOps"/>
</testsuite> <!-- testngPack.HandlingMouseOps -->
