<?xml version="1.0" encoding="UTF-8"?>
<!-- Generated by org.testng.reporters.JUnitReportReporter -->
<testsuite hostname="DESKTOP-JQIFB51" name="testngPack.CalorieCalculatorDDT" tests="2" failures="0" timestamp="12 Nov 2020 10:18:57 GMT" time="0.013" errors="0">
  <testcase name="Login" time="0.013" classname="testngPack.CalorieCalculatorDDT"/>
  <testcase name="Login" time="0.000" classname="testngPack.CalorieCalculatorDDT"/>
</testsuite> <!-- testngPack.CalorieCalculatorDDT -->
