<?xml version="1.0" encoding="UTF-8"?>
<!-- Generated by org.testng.reporters.JUnitReportReporter -->
<testsuite hostname="DESKTOP-JQIFB51" name="testngPack.CalorieCalculatorTestCaseExcelReader" tests="3" failures="0" timestamp="13 Nov 2020 11:12:45 GMT" time="8.409" errors="0">
  <testcase name="EnterCalorieDetails" time="0.345" classname="testngPack.CalorieCalculatorTestCaseExcelReader"/>
  <testcase name="EnterCalorieDetails" time="0.231" classname="testngPack.CalorieCalculatorTestCaseExcelReader"/>
  <testcase name="WebTable" time="7.833" classname="testngPack.CalorieCalculatorTestCaseExcelReader"/>
</testsuite> <!-- testngPack.CalorieCalculatorTestCaseExcelReader -->
