<?xml version="1.0" encoding="UTF-8"?>
<!-- Generated by org.testng.reporters.JUnitReportReporter -->
<testsuite hostname="DESKTOP-JQIFB51" name="testngPack.Login" tests="1" failures="0" timestamp="20 Nov 2020 11:08:50 GMT" time="20.620" errors="0">
  <testcase name="Pass" time="20.620" classname="testngPack.Login"/>
</testsuite> <!-- testngPack.Login -->
