<?xml version="1.0" encoding="UTF-8"?>
<!-- Generated by org.testng.reporters.JUnitReportReporter -->
<testsuite hostname="DESKTOP-JQIFB51" name="testngPack.TestngExample1" tests="2" failures="0" timestamp="18 Nov 2020 10:29:40 GMT" time="0.043" errors="0">
  <testcase name="test1" time="0.040" classname="testngPack.TestngExample1"/>
  <testcase name="test2" time="0.003" classname="testngPack.TestngExample1"/>
</testsuite> <!-- testngPack.TestngExample1 -->
