<?xml version="1.0" encoding="UTF-8"?>
<!-- Generated by org.testng.reporters.JUnitReportReporter -->
<testsuite hostname="DESKTOP-JQIFB51" name="testngPack.TestngExample2" tests="2" failures="0" timestamp="18 Nov 2020 10:29:40 GMT" time="0.006" errors="0">
  <testcase name="test1" time="0.005" classname="testngPack.TestngExample2"/>
  <testcase name="test2" time="0.001" classname="testngPack.TestngExample2"/>
</testsuite> <!-- testngPack.TestngExample2 -->
