<?xml version="1.0" encoding="UTF-8"?>
<!-- Generated by org.testng.reporters.JUnitReportReporter -->
<testsuite hostname="DESKTOP-JQIFB51" name="Assignment1Pack.AmazonTest" tests="1" failures="0" timestamp="13 Nov 2020 04:49:19 GMT" time="33.058" errors="0">
  <testcase name="login" time="33.058" classname="Assignment1Pack.AmazonTest"/>
</testsuite> <!-- Assignment1Pack.AmazonTest -->
