<?xml version="1.0" encoding="UTF-8"?>
<!-- Generated by org.testng.reporters.JUnitReportReporter -->
<testsuite hostname="DESKTOP-JQIFB51" name="assignmentPack.AmazonTest" tests="3" failures="0" timestamp="13 Nov 2020 08:01:51 GMT" time="46.353" errors="0">
  <testcase name="test1" time="17.153" classname="assignmentPack.AmazonTest"/>
  <testcase name="test2" time="18.275" classname="assignmentPack.AmazonTest"/>
  <testcase name="test3" time="10.925" classname="assignmentPack.AmazonTest"/>
</testsuite> <!-- assignmentPack.AmazonTest -->
