<?xml version="1.0" encoding="UTF-8"?>
<!-- Generated by org.testng.reporters.JUnitReportReporter -->
<testsuite hostname="DESKTOP-JQIFB51" name="testngPack.Pramit" tests="1" failures="0" timestamp="12 Nov 2020 11:41:31 GMT" time="0.384" errors="0">
  <testcase name="StartUp" time="0.384" classname="testngPack.Pramit"/>
</testsuite> <!-- testngPack.Pramit -->
